<?xml version="1.0" encoding="UTF-8"?>
<!-- Generated by org.testng.reporters.JUnitXMLReporter -->
<testsuite hostname="DESKTOP-1J7GQ29" ignored="2" name="ExpediaSearchPage" tests="2" failures="0" timestamp="02 Jun 2017 04:19:17 GMT" time="0.032" errors="0">
  <testcase name="BMWX3" time="0.012" classname="testng.grouping.TestNG_Grouping"/>
  <testcase name="HondaAccord" time="0.001" classname="testng.grouping.TestNG_Grouping"/>
  <testcase name="BMW3Series" time="0.0" classname="testng.grouping.TestNG_Grouping">
    <ignored/>
  </testcase> <!-- BMW3Series -->
  <testcase name="AudiA6" time="0.0" classname="testng.grouping.TestNG_Grouping">
    <ignored/>
  </testcase> <!-- AudiA6 -->
</testsuite> <!-- ExpediaSearchPage -->
