<?xml version="1.0" encoding="UTF-8"?>
<!-- Generated by org.testng.reporters.JUnitXMLReporter -->
<testsuite hostname="DESKTOP-1J7GQ29" ignored="0" name="FireFox Test" tests="2" failures="0" timestamp="02 Jun 2017 03:03:41 GMT" time="30.215" errors="0">
  <testcase name="testMethod" time="21.001" classname="com.seleniumadvanced.listener.TestNG_TestCase"/>
  <testcase name="testMethod1" time="0.854" classname="com.seleniumadvanced.listener.TestNG_TestCase"/>
</testsuite> <!-- FireFox Test -->
