<?xml version="1.0" encoding="UTF-8"?>
<testng-results skipped="0" failed="0" ignored="0" total="1" passed="1">
  <reporter-output>
    <line>
      <![CDATA[Navigate to flights tab]]>
    </line>
  </reporter-output>
  <suite name="Default suite" duration-ms="22004" started-at="2017-05-29T22:17:35Z" finished-at="2017-05-29T22:17:57Z">
    <groups>
    </groups>
    <test name="Default test" duration-ms="22004" started-at="2017-05-29T22:17:35Z" finished-at="2017-05-29T22:17:57Z">
      <class name="com.seleniumadvanced.testng.TestNG_TestCase">
        <test-method status="PASS" signature="setUp()[pri:0, instance:com.seleniumadvanced.testng.TestNG_TestCase@6e509ffa]" name="setUp" is-config="true" duration-ms="6488" started-at="2017-05-29T18:17:35Z" finished-at="2017-05-29T18:17:42Z">
          <reporter-output>
          </reporter-output>
        </test-method> <!-- setUp -->
        <test-method status="PASS" signature="test()[pri:0, instance:com.seleniumadvanced.testng.TestNG_TestCase@6e509ffa]" name="test" duration-ms="12128" started-at="2017-05-29T18:17:42Z" finished-at="2017-05-29T18:17:54Z">
          <reporter-output>
            <line>
              <![CDATA[Navigate to flights tab]]>
            </line>
          </reporter-output>
        </test-method> <!-- test -->
        <test-method status="PASS" signature="tearDown()[pri:0, instance:com.seleniumadvanced.testng.TestNG_TestCase@6e509ffa]" name="tearDown" is-config="true" duration-ms="3373" started-at="2017-05-29T18:17:54Z" finished-at="2017-05-29T18:17:57Z">
          <reporter-output>
          </reporter-output>
        </test-method> <!-- tearDown -->
      </class> <!-- com.seleniumadvanced.testng.TestNG_TestCase -->
    </test> <!-- Default test -->
  </suite> <!-- Default suite -->
</testng-results>
