<?xml version="1.0" encoding="UTF-8"?>
<!-- Generated by org.testng.reporters.JUnitXMLReporter -->
<testsuite hostname="DESKTOP-1J7GQ29" ignored="0" name="FireFox Test" tests="2" failures="0" timestamp="02 Jun 2017 05:37:40 GMT" time="16.483" errors="0">
  <testcase name="test1_validLoginTest" time="4.169" classname="advancedreport.testng.report.multipletestcase.Test1"/>
  <testcase name="testMethod" time="0.001" classname="advancedreport.testng.report.multipletestcase.Test2"/>
</testsuite> <!-- FireFox Test -->
