<?xml version="1.0" encoding="UTF-8"?>
<!-- Generated by org.testng.reporters.JUnitXMLReporter -->
<testsuite hostname="DESKTOP-1J7GQ29" ignored="0" name="FireFox Test" tests="2" failures="0" timestamp="20 May 2017 01:26:03 GMT" time="24.102" errors="0">
  <testcase name="test1_validLoginTest" time="4.248" classname="com.seleniumadvanced.report.withmultipletestcases.Test1"/>
  <testcase name="testMethod" time="0.001" classname="com.seleniumadvanced.report.withmultipletestcases.Test2"/>
</testsuite> <!-- FireFox Test -->
