<?xml version="1.0" encoding="UTF-8"?>
<!-- Generated by org.testng.reporters.JUnitXMLReporter -->
<testsuite hostname="DESKTOP-1J7GQ29" ignored="0" name="Default test" tests="2" failures="0" timestamp="02 Jun 2017 06:06:14 GMT" time="21.808" errors="0">
  <testcase name="testUsingExcel" time="6.217" classname="datadriven.readingmulitipledataset.UsingExcel"/>
  <testcase name="testUsingExcel" time="4.332" classname="datadriven.readingmulitipledataset.UsingExcel"/>
</testsuite> <!-- Default test -->
